#! /c/iverilog/bin/vvp
:ivl_version "0.9.7 " "(v0_9_7)";
:vpi_time_precision + 0;
:vpi_module "system";
:vpi_module "v2005_math";
:vpi_module "va_math";
S_011979D8 .scope module, "step_1_tb" "step_1_tb" 2 4;
 .timescale 0 0;
v01194590_0 .var "CLK", 0 0;
v011945E8_0 .net "LEDS", 4 0, v010B2D50_0; 1 drivers
v01194640_0 .net "RESET", 0 0, C4<0>; 1 drivers
v011915C8_0 .var "RXD", 0 0;
v01191620_0 .net "TXD", 0 0, C4<0>; 1 drivers
v01191678_0 .var "prev_LEDS", 4 0;
S_01198610 .scope module, "uut" "SOC" 2 11, 3 2, S_011979D8;
 .timescale 0 0;
v010B2B68_0 .net "CLK", 0 0, v01194590_0; 1 drivers
v010B3828_0 .alias "LEDS", 4 0, v011945E8_0;
v010B3880_0 .alias "RESET", 0 0, v01194640_0;
v010B2CA0_0 .net "RXD", 0 0, v011915C8_0; 1 drivers
v010B2CF8_0 .alias "TXD", 0 0, v01191620_0;
v010B2D50_0 .var "count", 4 0;
E_010B1E70 .event posedge, v010B2B68_0;
    .scope S_01198610;
T_0 ;
    %set/v v010B2D50_0, 0, 5;
    %end;
    .thread T_0;
    .scope S_01198610;
T_1 ;
    %wait E_010B1E70;
    %load/v 8, v010B2D50_0, 5;
    %mov 13, 0, 27;
    %addi 8, 1, 32;
    %ix/load 0, 5, 0;
    %assign/v0 v010B2D50_0, 0, 8;
    %jmp T_1;
    .thread T_1;
    .scope S_011979D8;
T_2 ;
    %set/v v011915C8_0, 0, 1;
    %end;
    .thread T_2;
    .scope S_011979D8;
T_3 ;
    %set/v v01191678_0, 0, 5;
    %end;
    .thread T_3;
    .scope S_011979D8;
T_4 ;
    %set/v v01194590_0, 0, 1;
T_4.0 ;
    %delay 1, 0;
    %load/v 8, v01194590_0, 1;
    %inv 8, 1;
    %set/v v01194590_0, 8, 1;
    %load/v 8, v011945E8_0, 5;
    %load/v 13, v01191678_0, 5;
    %cmp/u 8, 13, 5;
    %inv 4, 1;
    %jmp/0xz  T_4.1, 4;
    %vpi_call 2 25 "$display", "LEDS = %b", v011945E8_0;
T_4.1 ;
    %load/v 8, v011945E8_0, 5;
    %ix/load 0, 5, 0;
    %assign/v0 v01191678_0, 0, 8;
    %jmp T_4.0;
    %end;
    .thread T_4;
# The file index is used to find the file name in the following table.
:file_names 4;
    "N/A";
    "<interactive>";
    "bench_iverilog.v";
    "step_1.v";
